<?xml version="1.0" encoding="UTF-8"?>
<testsuite name="org.apache.calcite.linq4j.test.Linq4jTest" time="0.178" tests="115" errors="0" skipped="0" failures="0">
  <properties>
[...]
</properties>
  <testcase name="testSingleOrDefault" classname="org.apache.calcite.linq4j.test.Linq4jTest" time="0.017"/>
  <testcase name="testSingleOrDefaultPredicate1" classname="org.apache.calcite.linq4j.test.Linq4jTest" time="0.012"/>
  <testcase name="testMaxSelector2" classname="org.apache.calcite.linq4j.test.Linq4jTest" time="0.017"/>
  <testcase name="testTakeEnumerableGreaterThanLength" classname="org.apache.calcite.linq4j.test.Linq4jTest" time="0.001"/>
  <testcase name="testWhereIndexed" classname="org.apache.calcite.linq4j.test.Linq4jTest" time="0.005"/>
  <testcase name="testSingletonNullEnumerator" classname="org.apache.calcite.linq4j.test.Linq4jTest" time="0.002"/>
  <testcase name="testGroupByWithKeySelectorAndElementSelectorAndResultSelector" classname="org.apache.calcite.linq4j.test.Linq4jTest" time="0.007"/>
  <testcase name="testLeftJoin" classname="org.apache.calcite.linq4j.test.Linq4jTest" time="0.007"/>
  <testcase name="testDefaultIfEmpty" classname="org.apache.calcite.linq4j.test.Linq4jTest" time="0.002"/>
  <testcase name="testFirstOrDefaultPredicate1" classname="org.apache.calcite.linq4j.test.Linq4jTest" time="0.001"/>
  <testcase name="testDefaultIfEmpty2" classname="org.apache.calcite.linq4j.test.Linq4jTest" time="0.001"/>
  <testcase name="testGroupByWithKeySelectorAndResultSelector" classname="org.apache.calcite.linq4j.test.Linq4jTest" time="0.002"/>
  <testcase name="testMaxSelector" classname="org.apache.calcite.linq4j.test.Linq4jTest" time="0"/>
  <testcase name="testTakeWhileN" classname="org.apache.calcite.linq4j.test.Linq4jTest" time="0.019"/>
  <testcase name="testExample" classname="org.apache.calcite.linq4j.test.Linq4jTest" time="0.002"/>
  <testcase name="testApproxConstant" classname="org.apache.calcite.linq4j.test.Linq4jTest" time="0.017"/>
  <testcase name="testElementAtWithoutList" classname="org.apache.calcite.linq4j.test.Linq4jTest" time="0"/>
  <testcase name="testTakeWhileEnumerableFunction" classname="org.apache.calcite.linq4j.test.Linq4jTest" time="0"/>
  <testcase name="testMinSelector2" classname="org.apache.calcite.linq4j.test.Linq4jTest" time="0"/>
  <testcase name="testIterableCast" classname="org.apache.calcite.linq4j.test.Linq4jTest" time="0.001"/>
  <testcase name="testOrderBy" classname="org.apache.calcite.linq4j.test.Linq4jTest" time="0.002"/>
  <testcase name="testTakeEnumerable" classname="org.apache.calcite.linq4j.test.Linq4jTest" time="0"/>
  <testcase name="testGroupByWithKeySelectorAndComparer" classname="org.apache.calcite.linq4j.test.Linq4jTest" time="0.001"/>
  <testcase name="testTransformEnumerator" classname="org.apache.calcite.linq4j.test.Linq4jTest" time="0.001"/>
  <testcase name="testAny" classname="org.apache.calcite.linq4j.test.Linq4jTest" time="0"/>
  <testcase name="testMax" classname="org.apache.calcite.linq4j.test.Linq4jTest" time="0"/>
  <testcase name="testMin" classname="org.apache.calcite.linq4j.test.Linq4jTest" time="0"/>
  <testcase name="testZip" classname="org.apache.calcite.linq4j.test.Linq4jTest" time="0.003"/>
  <testcase name="testSequenceEqualWithoutCollection" classname="org.apache.calcite.linq4j.test.Linq4jTest" time="0.002"/>
  <testcase name="testSinglePredicate1" classname="org.apache.calcite.linq4j.test.Linq4jTest" time="0"/>
  <testcase name="testSingletonEnumerable" classname="org.apache.calcite.linq4j.test.Linq4jTest" time="0"/>
  <testcase name="testSingletonEnumerator" classname="org.apache.calcite.linq4j.test.Linq4jTest" time="0.001"/>
  <testcase name="testToLookup" classname="org.apache.calcite.linq4j.test.Linq4jTest" time="0"/>
  <testcase name="testCount" classname="org.apache.calcite.linq4j.test.Linq4jTest" time="0"/>
  <testcase name="testFirst" classname="org.apache.calcite.linq4j.test.Linq4jTest" time="0.001"/>
  <testcase name="testList0" classname="org.apache.calcite.linq4j.test.Linq4jTest" time="0"/>
  <testcase name="testList2" classname="org.apache.calcite.linq4j.test.Linq4jTest" time="0.005"/>
  <testcase name="testToMap" classname="org.apache.calcite.linq4j.test.Linq4jTest" time="0"/>
  <testcase name="testUnion" classname="org.apache.calcite.linq4j.test.Linq4jTest" time="0.001"/>
  <testcase name="testGroupByWithKeySelectorAndResultSelectorAndComparer" classname="org.apache.calcite.linq4j.test.Linq4jTest" time="0.002"/>
  <testcase name="testWhere" classname="org.apache.calcite.linq4j.test.Linq4jTest" time="0"/>
  <testcase name="testCast" classname="org.apache.calcite.linq4j.test.Linq4jTest" time="0"/>
  <testcase name="testJoin" classname="org.apache.calcite.linq4j.test.Linq4jTest" time="0.001"/>
  <testcase name="testLast" classname="org.apache.calcite.linq4j.test.Linq4jTest" time="0"/>
  <testcase name="testList" classname="org.apache.calcite.linq4j.test.Linq4jTest" time="0.001"/>
  <testcase name="testSkip" classname="org.apache.calcite.linq4j.test.Linq4jTest" time="0.001"/>
  <testcase name="testTake" classname="org.apache.calcite.linq4j.test.Linq4jTest" time="0.002"/>
  <testcase name="testSelectManyWithResultSelector" classname="org.apache.calcite.linq4j.test.Linq4jTest" time="0.002"/>
  <testcase name="testAnyPredicate" classname="org.apache.calcite.linq4j.test.Linq4jTest" time="0"/>
  <testcase name="testLastWithPredicate" classname="org.apache.calcite.linq4j.test.Linq4jTest" time="0"/>
  <testcase name="testToLookupSelector" classname="org.apache.calcite.linq4j.test.Linq4jTest" time="0.003"/>
  <testcase name="testElementAtOrDefault" classname="org.apache.calcite.linq4j.test.Linq4jTest" time="0"/>
  <testcase name="testElementAtOrDefaultWithoutList" classname="org.apache.calcite.linq4j.test.Linq4jTest" time="0"/>
  <testcase name="testRightJoin" classname="org.apache.calcite.linq4j.test.Linq4jTest" time="0.001"/>
  <testcase name="testTakeWhileEnumerablePredicate" classname="org.apache.calcite.linq4j.test.Linq4jTest" time="0"/>
  <testcase name="testGroupJoin" classname="org.apache.calcite.linq4j.test.Linq4jTest" time="0.002"/>
  <testcase name="testCountPredicate" classname="org.apache.calcite.linq4j.test.Linq4jTest" time="0"/>
  <testcase name="testTakeQueryableZeroOrNegativeSize" classname="org.apache.calcite.linq4j.test.Linq4jTest" time="0"/>
  <testcase name="testGroupByWithKeySelectorAndElementSelectorAndResultSelectorAndComparer" classname="org.apache.calcite.linq4j.test.Linq4jTest" time="0.001"/>
  <testcase name="testSequenceEqualWithComparerWithoutCollection" classname="org.apache.calcite.linq4j.test.Linq4jTest" time="0.001"/>
  <testcase name="testCartesianProductEnumerator" classname="org.apache.calcite.linq4j.test.Linq4jTest" time="0.001"/>
  <testcase name="testTakeWhileQueryableFunctionExpressionPredicate" classname="org.apache.calcite.linq4j.test.Linq4jTest" time="0.001"/>
  <testcase name="testContainsWithEqualityComparer" classname="org.apache.calcite.linq4j.test.Linq4jTest" time="0"/>
  <testcase name="testOrderByDescending" classname="org.apache.calcite.linq4j.test.Linq4jTest" time="0"/>
  <testcase name="testOrderByComparator" classname="org.apache.calcite.linq4j.test.Linq4jTest" time="0"/>
  <testcase name="testGroupBy" classname="org.apache.calcite.linq4j.test.Linq4jTest" time="0"/>
  <testcase name="testOrderByInSeries" classname="org.apache.calcite.linq4j.test.Linq4jTest" time="0"/>
  <testcase name="testGroupByWithKeySelectorAndElementSelectorAndComparer" classname="org.apache.calcite.linq4j.test.Linq4jTest" time="0"/>
  <testcase name="testJoinCartesianProduct" classname="org.apache.calcite.linq4j.test.Linq4jTest" time="0"/>
  <testcase name="testLastWithoutList" classname="org.apache.calcite.linq4j.test.Linq4jTest" time="0"/>
  <testcase name="testContains" classname="org.apache.calcite.linq4j.test.Linq4jTest" time="0"/>
  <testcase name="testEmptyEnumerable" classname="org.apache.calcite.linq4j.test.Linq4jTest" time="0"/>
  <testcase name="testAsQueryable" classname="org.apache.calcite.linq4j.test.Linq4jTest" time="0.006"/>
  <testcase name="testTakeEnumerableZeroOrNegativeSize" classname="org.apache.calcite.linq4j.test.Linq4jTest" time="0.001"/>
  <testcase name="testTakeQueryable" classname="org.apache.calcite.linq4j.test.Linq4jTest" time="0"/>
  <testcase name="testElementAt" classname="org.apache.calcite.linq4j.test.Linq4jTest" time="0"/>
  <testcase name="testAggregate2" classname="org.apache.calcite.linq4j.test.Linq4jTest" time="0"/>
  <testcase name="testDistinctWithEqualityComparer" classname="org.apache.calcite.linq4j.test.Linq4jTest" time="0"/>
  <testcase name="testSelectorEqualityComparer" classname="org.apache.calcite.linq4j.test.Linq4jTest" time="0"/>
  <testcase name="testSelectManyWithIndexableSelectorAndResultSelector" classname="org.apache.calcite.linq4j.test.Linq4jTest" time="0.001"/>
  <testcase name="testAverageSelector" classname="org.apache.calcite.linq4j.test.Linq4jTest" time="0.001"/>
  <testcase name="testReverse" classname="org.apache.calcite.linq4j.test.Linq4jTest" time="0"/>
  <testcase name="testLongCount" classname="org.apache.calcite.linq4j.test.Linq4jTest" time="0"/>
  <testcase name="testAllPredicate" classname="org.apache.calcite.linq4j.test.Linq4jTest" time="0"/>
  <testcase name="testSelectManyWithIndexableSelector" classname="org.apache.calcite.linq4j.test.Linq4jTest" time="0.002"/>
  <testcase name="testAggregate" classname="org.apache.calcite.linq4j.test.Linq4jTest" time="0.001"/>
  <testcase name="testTakeQueryableGreaterThanLength" classname="org.apache.calcite.linq4j.test.Linq4jTest" time="0"/>
  <testcase name="testDistinct" classname="org.apache.calcite.linq4j.test.Linq4jTest" time="0"/>
  <testcase name="testSequenceEqual" classname="org.apache.calcite.linq4j.test.Linq4jTest" time="0"/>
  <testcase name="testToMapWithComparer" classname="org.apache.calcite.linq4j.test.Linq4jTest" time="0.004"/>
  <testcase name="testIntersect" classname="org.apache.calcite.linq4j.test.Linq4jTest" time="0"/>
  <testcase name="testFirstPredicate1" classname="org.apache.calcite.linq4j.test.Linq4jTest" time="0.003"/>
  <testcase name="testFirstOrDefault" classname="org.apache.calcite.linq4j.test.Linq4jTest" time="0.001"/>
  <testcase name="testConcat" classname="org.apache.calcite.linq4j.test.Linq4jTest" time="0"/>
  <testcase name="testExcept" classname="org.apache.calcite.linq4j.test.Linq4jTest" time="0"/>
  <testcase name="testLastOrDefaultWithPredicate" classname="org.apache.calcite.linq4j.test.Linq4jTest" time="0"/>
  <testcase name="testLastOrDefault" classname="org.apache.calcite.linq4j.test.Linq4jTest" time="0"/>
  <testcase name="testIdentityEqualityComparer" classname="org.apache.calcite.linq4j.test.Linq4jTest" time="0"/>
  <testcase name="testGroupByWithKeySelector" classname="org.apache.calcite.linq4j.test.Linq4jTest" time="0"/>
  <testcase name="testIterableOfType" classname="org.apache.calcite.linq4j.test.Linq4jTest" time="0"/>
  <testcase name="testGroupJoinWithComparer" classname="org.apache.calcite.linq4j.test.Linq4jTest" time="0.001"/>
  <testcase name="testGroupByWithKeySelectorAndElementSelector" classname="org.apache.calcite.linq4j.test.Linq4jTest" time="0.001"/>
  <testcase name="testOfType" classname="org.apache.calcite.linq4j.test.Linq4jTest" time="0.001"/>
  <testcase name="testSelect" classname="org.apache.calcite.linq4j.test.Linq4jTest" time="0"/>
  <testcase name="testSingle" classname="org.apache.calcite.linq4j.test.Linq4jTest" time="0"/>
  <testcase name="testToMap2" classname="org.apache.calcite.linq4j.test.Linq4jTest" time="0"/>
  <testcase name="testZipLengthNotMatch" classname="org.apache.calcite.linq4j.test.Linq4jTest" time="0.001"/>
  <testcase name="testToMap2WithComparer" classname="org.apache.calcite.linq4j.test.Linq4jTest" time="0.001"/>
  <testcase name="testMinSelector" classname="org.apache.calcite.linq4j.test.Linq4jTest" time="0"/>
  <testcase name="testSelectMany" classname="org.apache.calcite.linq4j.test.Linq4jTest" time="0.001"/>
  <testcase name="testFullJoin" classname="org.apache.calcite.linq4j.test.Linq4jTest" time="0"/>
  <testcase name="testSequenceEqualWithComparer" classname="org.apache.calcite.linq4j.test.Linq4jTest" time="0.001"/>
  <testcase name="testToLookupSelectorComparer" classname="org.apache.calcite.linq4j.test.Linq4jTest" time="0.001"/>
  <testcase name="testLongCountPredicate" classname="org.apache.calcite.linq4j.test.Linq4jTest" time="0.001"/>
  <testcase name="testTakeWhileNNoMatch" classname="org.apache.calcite.linq4j.test.Linq4jTest" time="0"/>
</testsuite>