<?xml version="1.0" encoding="UTF-8"?>
<testsuite name="org.apache.calcite.test.SqlToRelConverterTest" time="2.591" tests="167" errors="0" skipped="2" failures="0">
  <properties>
[...]
</properties>
  <testcase name="testElement" classname="org.apache.calcite.test.SqlToRelConverterTest" time="0.02"/>
  <testcase name="testOrderByAlias" classname="org.apache.calcite.test.SqlToRelConverterTest" time="0.027"/>
  <testcase name="testSampleBernoulliQuery" classname="org.apache.calcite.test.SqlToRelConverterTest" time="0.015"/>
  <testcase name="testAliasList" classname="org.apache.calcite.test.SqlToRelConverterTest" time="0.011"/>
  <testcase name="testAggCaseInSubquery" classname="org.apache.calcite.test.SqlToRelConverterTest" time="0">
    <skipped message="[CALCITE-551] Sub-query inside aggregate function"/>
  </testcase>
  <testcase name="testIntegerLiteral" classname="org.apache.calcite.test.SqlToRelConverterTest" time="0.012"/>
  <testcase name="testOrderBySameExpr" classname="org.apache.calcite.test.SqlToRelConverterTest" time="0.011"/>
  <testcase name="testSampleBernoulli" classname="org.apache.calcite.test.SqlToRelConverterTest" time="0.012"/>
  <testcase name="testIsDistinctFrom" classname="org.apache.calcite.test.SqlToRelConverterTest" time="0.012"/>
  <testcase name="testDuplicateGroupingSets" classname="org.apache.calcite.test.SqlToRelConverterTest" time="0.005"/>
  <testcase name="testGroupingFunctionWithGroupBy" classname="org.apache.calcite.test.SqlToRelConverterTest" time="0.015"/>
  <testcase name="testNestedCorrelations" classname="org.apache.calcite.test.SqlToRelConverterTest" time="0.019"/>
  <testcase name="testIdenticalExpressionInSubquery" classname="org.apache.calcite.test.SqlToRelConverterTest" time="0.007"/>
  <testcase name="testNestedCorrelationsDecorrelated" classname="org.apache.calcite.test.SqlToRelConverterTest" time="0.024"/>
  <testcase name="testDeleteWhere" classname="org.apache.calcite.test.SqlToRelConverterTest" time="0.01"/>
  <testcase name="testJoinNaturalMultipleCommonColumn" classname="org.apache.calcite.test.SqlToRelConverterTest" time="0.01"/>
  <testcase name="testGroupingSetsCartesianProduct" classname="org.apache.calcite.test.SqlToRelConverterTest" time="0.01"/>
  <testcase name="testLateralDecorrelate" classname="org.apache.calcite.test.SqlToRelConverterTest" time="0.006"/>
  <testcase name="testHavingAggrFunctionIn" classname="org.apache.calcite.test.SqlToRelConverterTest" time="0.008"/>
  <testcase name="testWindowAverageWithGroupBy" classname="org.apache.calcite.test.SqlToRelConverterTest" time="0.011"/>
  <testcase name="testWithUnionOrder" classname="org.apache.calcite.test.SqlToRelConverterTest" time="0.01"/>
  <testcase name="testStreamGroupBy" classname="org.apache.calcite.test.SqlToRelConverterTest" time="0.017"/>
  <testcase name="testGroupingSetsCartesianProduct2" classname="org.apache.calcite.test.SqlToRelConverterTest" time="0.018"/>
  <testcase name="testCorrelationNotExistsAndFilter" classname="org.apache.calcite.test.SqlToRelConverterTest" time="0.01"/>
  <testcase name="testJoinOnExpression" classname="org.apache.calcite.test.SqlToRelConverterTest" time="0.013"/>
  <testcase name="testMultisetOfColumns" classname="org.apache.calcite.test.SqlToRelConverterTest" time="0.028"/>
  <testcase name="testOverAvg" classname="org.apache.calcite.test.SqlToRelConverterTest" time="0.008"/>
  <testcase name="testOrderByAliasOverrides" classname="org.apache.calcite.test.SqlToRelConverterTest" time="0.012"/>
  <testcase name="testJoinNatural" classname="org.apache.calcite.test.SqlToRelConverterTest" time="0.008"/>
  <testcase name="testHavingInSubqueryWithAggrFunction" classname="org.apache.calcite.test.SqlToRelConverterTest" time="0.008"/>
  <testcase name="testCollectionTableWithCursorParam" classname="org.apache.calcite.test.SqlToRelConverterTest" time="0.008"/>
  <testcase name="testOrderByOrdinalDesc" classname="org.apache.calcite.test.SqlToRelConverterTest" time="0.023"/>
  <testcase name="testCorrelationExistsAndFilter" classname="org.apache.calcite.test.SqlToRelConverterTest" time="0.015"/>
  <testcase name="testUpdateWhere" classname="org.apache.calcite.test.SqlToRelConverterTest" time="0.016"/>
  <testcase name="testOverCountStar" classname="org.apache.calcite.test.SqlToRelConverterTest" time="0.012"/>
  <testcase name="testFetch" classname="org.apache.calcite.test.SqlToRelConverterTest" time="0.007"/>
  <testcase name="testGroup" classname="org.apache.calcite.test.SqlToRelConverterTest" time="0.008"/>
  <testcase name="testMerge" classname="org.apache.calcite.test.SqlToRelConverterTest" time="0">
    <skipped message="CALCITE-985"/>
  </testcase>
  <testcase name="testValuesUsing" classname="org.apache.calcite.test.SqlToRelConverterTest" time="0.015"/>
  <testcase name="testOrder" classname="org.apache.calcite.test.SqlToRelConverterTest" time="0.019"/>
  <testcase name="testUnion" classname="org.apache.calcite.test.SqlToRelConverterTest" time="0.007"/>
  <testcase name="testOrderByAliasDoesNotOverride" classname="org.apache.calcite.test.SqlToRelConverterTest" time="0.001"/>
  <testcase name="testCase" classname="org.apache.calcite.test.SqlToRelConverterTest" time="0.011"/>
  <testcase name="testCube" classname="org.apache.calcite.test.SqlToRelConverterTest" time="0.012"/>
  <testcase name="testWith" classname="org.apache.calcite.test.SqlToRelConverterTest" time="0.012"/>
  <testcase name="testExistsCorrelated" classname="org.apache.calcite.test.SqlToRelConverterTest" time="0.012"/>
  <testcase name="testNotInUncorrelatedSubqueryInSelect" classname="org.apache.calcite.test.SqlToRelConverterTest" time="0.012"/>
  <testcase name="testOverMultiple" classname="org.apache.calcite.test.SqlToRelConverterTest" time="0.009"/>
  <testcase name="testIntervalLiteralYearToMonth" classname="org.apache.calcite.test.SqlToRelConverterTest" time="0.011"/>
  <testcase name="testCorrelationJoin" classname="org.apache.calcite.test.SqlToRelConverterTest" time="0.01"/>
  <testcase name="testJoinUsingCompound" classname="org.apache.calcite.test.SqlToRelConverterTest" time="0.035"/>
  <testcase name="testStreamWindowedAggregation" classname="org.apache.calcite.test.SqlToRelConverterTest" time="0.021"/>
  <testcase name="testSubqueryAggreFunctionFollowedBySimpleOperation" classname="org.apache.calcite.test.SqlToRelConverterTest" time="0.017"/>
  <testcase name="testTableExtend" classname="org.apache.calcite.test.SqlToRelConverterTest" time="0.012"/>
  <testcase name="testExistsCorrelatedLimit" classname="org.apache.calcite.test.SqlToRelConverterTest" time="0.023"/>
  <testcase name="testIntervalLiteralHourToMinute" classname="org.apache.calcite.test.SqlToRelConverterTest" time="0.013"/>
  <testcase name="testExplicitTable" classname="org.apache.calcite.test.SqlToRelConverterTest" time="0.017"/>
  <testcase name="testJoinOnIn" classname="org.apache.calcite.test.SqlToRelConverterTest" time="0.013"/>
  <testcase name="testSubqueryValues" classname="org.apache.calcite.test.SqlToRelConverterTest" time="0.015"/>
  <testcase name="testGroupingFunction" classname="org.apache.calcite.test.SqlToRelConverterTest" time="0.011"/>
  <testcase name="testGroupingSetsWith" classname="org.apache.calcite.test.SqlToRelConverterTest" time="0.01"/>
  <testcase name="testConditionOffByOneReversed" classname="org.apache.calcite.test.SqlToRelConverterTest" time="0.008"/>
  <testcase name="testGroupByWithDuplicates" classname="org.apache.calcite.test.SqlToRelConverterTest" time="0.021"/>
  <testcase name="testSampleQuery" classname="org.apache.calcite.test.SqlToRelConverterTest" time="0.013"/>
  <testcase name="testLateral" classname="org.apache.calcite.test.SqlToRelConverterTest" time="0.017"/>
  <testcase name="testAggFilter" classname="org.apache.calcite.test.SqlToRelConverterTest" time="0.018"/>
  <testcase name="testGroupBug281" classname="org.apache.calcite.test.SqlToRelConverterTest" time="0.014"/>
  <testcase name="testElementInValues" classname="org.apache.calcite.test.SqlToRelConverterTest" time="0.005"/>
  <testcase name="testUnnestSubquery" classname="org.apache.calcite.test.SqlToRelConverterTest" time="0.016"/>
  <testcase name="testOrderByOrdinalInExpr" classname="org.apache.calcite.test.SqlToRelConverterTest" time="0.007"/>
  <testcase name="testOrderDistinct" classname="org.apache.calcite.test.SqlToRelConverterTest" time="0.012"/>
  <testcase name="testNotInUncorrelatedSubquery" classname="org.apache.calcite.test.SqlToRelConverterTest" time="0.017"/>
  <testcase name="testSampleSystemQuery" classname="org.apache.calcite.test.SqlToRelConverterTest" time="0.007"/>
  <testcase name="testWindowAggWithGroupByAndJoin" classname="org.apache.calcite.test.SqlToRelConverterTest" time="0.012"/>
  <testcase name="testOrderByNegativeOrdinal" classname="org.apache.calcite.test.SqlToRelConverterTest" time="0.014"/>
  <testcase name="testCharLength" classname="org.apache.calcite.test.SqlToRelConverterTest" time="0.008"/>
  <testcase name="testInValueListShort" classname="org.apache.calcite.test.SqlToRelConverterTest" time="0.016"/>
  <testcase name="testUnionSubquery" classname="org.apache.calcite.test.SqlToRelConverterTest" time="0.017"/>
  <testcase name="testSelectDistinct" classname="org.apache.calcite.test.SqlToRelConverterTest" time="0.022"/>
  <testcase name="testOrderGroup" classname="org.apache.calcite.test.SqlToRelConverterTest" time="0.006"/>
  <testcase name="testOrderUnion" classname="org.apache.calcite.test.SqlToRelConverterTest" time="0.009"/>
  <testcase name="testOrderOffsetFetch" classname="org.apache.calcite.test.SqlToRelConverterTest" time="0.01"/>
  <testcase name="testAggregateNoGroup" classname="org.apache.calcite.test.SqlToRelConverterTest" time="0.016"/>
  <testcase name="testSortWithTrim" classname="org.apache.calcite.test.SqlToRelConverterTest" time="0.016"/>
  <testcase name="testWindowAggInSubqueryJoin" classname="org.apache.calcite.test.SqlToRelConverterTest" time="0.008"/>
  <testcase name="testRollupSimple" classname="org.apache.calcite.test.SqlToRelConverterTest" time="0.007"/>
  <testcase name="testWithInsideWhereExists" classname="org.apache.calcite.test.SqlToRelConverterTest" time="0.007"/>
  <testcase name="testJoinUsing" classname="org.apache.calcite.test.SqlToRelConverterTest" time="0.018"/>
  <testcase name="testRollupTuples" classname="org.apache.calcite.test.SqlToRelConverterTest" time="0.019"/>
  <testcase name="testUnionValues" classname="org.apache.calcite.test.SqlToRelConverterTest" time="0.008"/>
  <testcase name="testAggCaseSubquery" classname="org.apache.calcite.test.SqlToRelConverterTest" time="0.011"/>
  <testcase name="testOverOrderFollowingWindow" classname="org.apache.calcite.test.SqlToRelConverterTest" time="0.031"/>
  <testcase name="testInsertView" classname="org.apache.calcite.test.SqlToRelConverterTest" time="0.009"/>
  <testcase name="testWithInsideWhereExistsDecorrelate" classname="org.apache.calcite.test.SqlToRelConverterTest" time="0.018"/>
  <testcase name="testCountNoGroup" classname="org.apache.calcite.test.SqlToRelConverterTest" time="0.009"/>
  <testcase name="testOrderUnionOrdinal" classname="org.apache.calcite.test.SqlToRelConverterTest" time="0.013"/>
  <testcase name="testUnionAll" classname="org.apache.calcite.test.SqlToRelConverterTest" time="0.013"/>
  <testcase name="testOrderUnionExprs" classname="org.apache.calcite.test.SqlToRelConverterTest" time="0.015"/>
  <testcase name="testGroupAlias" classname="org.apache.calcite.test.SqlToRelConverterTest" time="0.015"/>
  <testcase name="testGroupEmpty" classname="org.apache.calcite.test.SqlToRelConverterTest" time="0.011"/>
  <testcase name="testAggregateAndScalarSubQueryInHaving" classname="org.apache.calcite.test.SqlToRelConverterTest" time="0.01"/>
  <testcase name="testOffsetFetch" classname="org.apache.calcite.test.SqlToRelConverterTest" time="0.018"/>
  <testcase name="testConditionOffByOne" classname="org.apache.calcite.test.SqlToRelConverterTest" time="0.022"/>
  <testcase name="testJoinNaturalNoCommonColumn" classname="org.apache.calcite.test.SqlToRelConverterTest" time="0.008"/>
  <testcase name="testGroupByCaseIn" classname="org.apache.calcite.test.SqlToRelConverterTest" time="0.012"/>
  <testcase name="testNotInUncorrelatedSubqueryInSelectNotNull" classname="org.apache.calcite.test.SqlToRelConverterTest" time="0.012"/>
  <testcase name="testExistsCorrelatedDecorrelate" classname="org.apache.calcite.test.SqlToRelConverterTest" time="0.013"/>
  <testcase name="testInValueListLong" classname="org.apache.calcite.test.SqlToRelConverterTest" time="0.014"/>
  <testcase name="testWindowAggWithGroupByAndHaving" classname="org.apache.calcite.test.SqlToRelConverterTest" time="0.014"/>
  <testcase name="testJoinUnnest" classname="org.apache.calcite.test.SqlToRelConverterTest" time="0.016"/>
  <testcase name="testAggregateAndScalarSubQueryInSelect" classname="org.apache.calcite.test.SqlToRelConverterTest" time="0.015"/>
  <testcase name="testCollectionTable" classname="org.apache.calcite.test.SqlToRelConverterTest" time="0.012"/>
  <testcase name="testGroupBug281b" classname="org.apache.calcite.test.SqlToRelConverterTest" time="0.015"/>
  <testcase name="testCorrelationScalarAggAndFilter" classname="org.apache.calcite.test.SqlToRelConverterTest" time="0.019"/>
  <testcase name="testGroupingSets" classname="org.apache.calcite.test.SqlToRelConverterTest" time="0.015"/>
  <testcase name="testInUncorrelatedSubqueryInSelect" classname="org.apache.calcite.test.SqlToRelConverterTest" time="0.014"/>
  <testcase name="testJoinWithUnion" classname="org.apache.calcite.test.SqlToRelConverterTest" time="0.014"/>
  <testcase name="testAggScalarSubquery" classname="org.apache.calcite.test.SqlToRelConverterTest" time="0.014"/>
  <testcase name="testWindowAggWithGroupBy" classname="org.apache.calcite.test.SqlToRelConverterTest" time="0.012"/>
  <testcase name="testSampleSystem" classname="org.apache.calcite.test.SqlToRelConverterTest" time="0.008"/>
  <testcase name="testInUncorrelatedSubquery" classname="org.apache.calcite.test.SqlToRelConverterTest" time="0.008"/>
  <testcase name="testAggNoDuplicateColumnNames" classname="org.apache.calcite.test.SqlToRelConverterTest" time="0.011"/>
  <testcase name="testJoinUsingThreeWay" classname="org.apache.calcite.test.SqlToRelConverterTest" time="0.016"/>
  <testcase name="testAggDistinct" classname="org.apache.calcite.test.SqlToRelConverterTest" time="0.007"/>
  <testcase name="testOrderByIdenticalExpr" classname="org.apache.calcite.test.SqlToRelConverterTest" time="0.011"/>
  <testcase name="testDelete" classname="org.apache.calcite.test.SqlToRelConverterTest" time="0.167"/>
  <testcase name="testOverAvg2" classname="org.apache.calcite.test.SqlToRelConverterTest" time="0.169"/>
  <testcase name="testInterval" classname="org.apache.calcite.test.SqlToRelConverterTest" time="0"/>
  <testcase name="testExplainAsXml" classname="org.apache.calcite.test.SqlToRelConverterTest" time="0.002"/>
  <testcase name="testWithInsideScalarSubquery" classname="org.apache.calcite.test.SqlToRelConverterTest" time="0.167"/>
  <testcase name="testGroupingSetsProduct" classname="org.apache.calcite.test.SqlToRelConverterTest" time="0.013"/>
  <testcase name="testSubqueryLimitOne" classname="org.apache.calcite.test.SqlToRelConverterTest" time="0.013"/>
  <testcase name="testExists" classname="org.apache.calcite.test.SqlToRelConverterTest" time="0.019"/>
  <testcase name="testSelectDistinctDup" classname="org.apache.calcite.test.SqlToRelConverterTest" time="0.013"/>
  <testcase name="testGroupByExpression" classname="org.apache.calcite.test.SqlToRelConverterTest" time="0.006"/>
  <testcase name="testMultiAnd" classname="org.apache.calcite.test.SqlToRelConverterTest" time="0.008"/>
  <testcase name="testMultiset" classname="org.apache.calcite.test.SqlToRelConverterTest" time="0.008"/>
  <testcase name="testHaving" classname="org.apache.calcite.test.SqlToRelConverterTest" time="0.015"/>
  <testcase name="testGroupJustOneAgg" classname="org.apache.calcite.test.SqlToRelConverterTest" time="0.021"/>
  <testcase name="testIsNotDistinctFrom" classname="org.apache.calcite.test.SqlToRelConverterTest" time="0.007"/>
  <testcase name="testInsert" classname="org.apache.calcite.test.SqlToRelConverterTest" time="0.012"/>
  <testcase name="testFakeStar" classname="org.apache.calcite.test.SqlToRelConverterTest" time="0.008"/>
  <testcase name="testOrderByAliasInExpr" classname="org.apache.calcite.test.SqlToRelConverterTest" time="0.008"/>
  <testcase name="testJoinOn" classname="org.apache.calcite.test.SqlToRelConverterTest" time="0.018"/>
  <testcase name="testOverOrderWindow" classname="org.apache.calcite.test.SqlToRelConverterTest" time="0.033"/>
  <testcase name="testOrderDescNullsLast" classname="org.apache.calcite.test.SqlToRelConverterTest" time="0.008"/>
  <testcase name="testWithAlias" classname="org.apache.calcite.test.SqlToRelConverterTest" time="0.012"/>
  <testcase name="testExistsCorrelatedLimitDecorrelate" classname="org.apache.calcite.test.SqlToRelConverterTest" time="0.013"/>
  <testcase name="testWithOrder" classname="org.apache.calcite.test.SqlToRelConverterTest" time="0.011"/>
  <testcase name="testSingletonGroupingSet" classname="org.apache.calcite.test.SqlToRelConverterTest" time="0.013"/>
  <testcase name="testWithUnion" classname="org.apache.calcite.test.SqlToRelConverterTest" time="0.013"/>
  <testcase name="testMultisetSubquery" classname="org.apache.calcite.test.SqlToRelConverterTest" time="0.014"/>
  <testcase name="testOffset" classname="org.apache.calcite.test.SqlToRelConverterTest" time="0.008"/>
  <testcase name="testAliasList2" classname="org.apache.calcite.test.SqlToRelConverterTest" time="0.009"/>
  <testcase name="testRollup" classname="org.apache.calcite.test.SqlToRelConverterTest" time="0.008"/>
  <testcase name="testSample" classname="org.apache.calcite.test.SqlToRelConverterTest" time="0.02"/>
  <testcase name="testStream" classname="org.apache.calcite.test.SqlToRelConverterTest" time="0.019"/>
  <testcase name="testNotLike" classname="org.apache.calcite.test.SqlToRelConverterTest" time="0.008"/>
  <testcase name="testUnnestSelect" classname="org.apache.calcite.test.SqlToRelConverterTest" time="0.013"/>
  <testcase name="testUnnest" classname="org.apache.calcite.test.SqlToRelConverterTest" time="0.012"/>
  <testcase name="testUpdate" classname="org.apache.calcite.test.SqlToRelConverterTest" time="0.012"/>
  <testcase name="testUpdateSubQuery" classname="org.apache.calcite.test.SqlToRelConverterTest" time="0.017"/>
  <testcase name="testGroupByCaseSubquery" classname="org.apache.calcite.test.SqlToRelConverterTest" time="0.01"/>
  <testcase name="testSelectDistinctGroup" classname="org.apache.calcite.test.SqlToRelConverterTest" time="0.014"/>
  <testcase name="testSelectView" classname="org.apache.calcite.test.SqlToRelConverterTest" time="0.011"/>
  <testcase name="testGroupExpressionsInsideAndOut" classname="org.apache.calcite.test.SqlToRelConverterTest" time="0.008"/>
  <testcase name="testDuplicateColumnsInSubQuery" classname="org.apache.calcite.test.SqlToRelConverterTest" time="0.004"/>
</testsuite>