<?xml version="1.0" encoding="UTF-8"?>
<testsuite name="org.apache.calcite.test.RelMetadataTest" time="0.419" tests="80" errors="0" skipped="6" failures="0">
  <properties>
[...]
</properties>
  <testcase name="testPercentageOriginalRowsUnionNoFilter" classname="org.apache.calcite.test.RelMetadataTest" time="0.006"/>
  <testcase name="testPercentageOriginalRowsTableOnly" classname="org.apache.calcite.test.RelMetadataTest" time="0.001"/>
  <testcase name="testRowCountMinusOnFinite" classname="org.apache.calcite.test.RelMetadataTest" time="0.03"/>
  <testcase name="testSelectivityJoin" classname="org.apache.calcite.test.RelMetadataTest" time="0.025"/>
  <testcase name="testSelectivitySort" classname="org.apache.calcite.test.RelMetadataTest" time="0.007"/>
  <testcase name="testRowCountDept" classname="org.apache.calcite.test.RelMetadataTest" time="0.002"/>
  <testcase name="testRowCountJoin" classname="org.apache.calcite.test.RelMetadataTest" time="0.003"/>
  <testcase name="testRowCountSort" classname="org.apache.calcite.test.RelMetadataTest" time="0.002"/>
  <testcase name="testRowCountLeftJoinEmptyFinite" classname="org.apache.calcite.test.RelMetadataTest" time="0.029"/>
  <testcase name="testRowCountFilterOnFinite" classname="org.apache.calcite.test.RelMetadataTest" time="0.016"/>
  <testcase name="testCollation" classname="org.apache.calcite.test.RelMetadataTest" time="0.011"/>
  <testcase name="testColumnOriginsJoinFullOuter" classname="org.apache.calcite.test.RelMetadataTest" time="0.002"/>
  <testcase name="testRowCountSortLimitOffsetOnFinite" classname="org.apache.calcite.test.RelMetadataTest" time="0.011"/>
  <testcase name="testRowCountUnionOnFinite" classname="org.apache.calcite.test.RelMetadataTest" time="0.003"/>
  <testcase name="testSelectivityAgg" classname="org.apache.calcite.test.RelMetadataTest" time="0.007"/>
  <testcase name="testSelectivityAndFilter" classname="org.apache.calcite.test.RelMetadataTest" time="0.002"/>
  <testcase name="testRowCountJoinFiniteEmpty" classname="org.apache.calcite.test.RelMetadataTest" time="0.005"/>
  <testcase name="testRowCountJoinEmptyEmpty" classname="org.apache.calcite.test.RelMetadataTest" time="0.014"/>
  <testcase name="testColumnOriginsTableOnly" classname="org.apache.calcite.test.RelMetadataTest" time="0.001"/>
  <testcase name="testSelectivityRedundantFilter" classname="org.apache.calcite.test.RelMetadataTest" time="0.001"/>
  <testcase name="testDistinctRowCountTable" classname="org.apache.calcite.test.RelMetadataTest" time="0.002"/>
  <testcase name="testPercentageOriginalRowsAgg" classname="org.apache.calcite.test.RelMetadataTest" time="0.004"/>
  <testcase name="testColumnOriginsAggCountStar" classname="org.apache.calcite.test.RelMetadataTest" time="0.001"/>
  <testcase name="testUnion" classname="org.apache.calcite.test.RelMetadataTest" time="0.002"/>
  <testcase name="testColumnOriginsSelfUnion" classname="org.apache.calcite.test.RelMetadataTest" time="0.004"/>
  <testcase name="testRowCountSortHighOffsetLimit" classname="org.apache.calcite.test.RelMetadataTest" time="0.004"/>
  <testcase name="testGroupByEmptyUniqueKeys" classname="org.apache.calcite.test.RelMetadataTest" time="0.001"/>
  <testcase name="testSelectivityIsNotNullFilter" classname="org.apache.calcite.test.RelMetadataTest" time="0.001"/>
  <testcase name="testColumnOriginsJoinLeft" classname="org.apache.calcite.test.RelMetadataTest" time="0.001"/>
  <testcase name="testCustomProvider" classname="org.apache.calcite.test.RelMetadataTest" time="0.004"/>
  <testcase name="testRowCountAggregateEmptyKeyOnEmptyTable" classname="org.apache.calcite.test.RelMetadataTest" time="0.005"/>
  <testcase name="testSelectivityComparisonFilter" classname="org.apache.calcite.test.RelMetadataTest" time="0.001"/>
  <testcase name="testColumnOriginsAggKey" classname="org.apache.calcite.test.RelMetadataTest" time="0.002"/>
  <testcase name="testPercentageOriginalRowsUnionLittleFilter" classname="org.apache.calcite.test.RelMetadataTest" time="0">
    <skipped/>
  </testcase>
  <testcase name="testGroupByEmptyHavingUniqueKeys" classname="org.apache.calcite.test.RelMetadataTest" time="0.004"/>
  <testcase name="testColumnOriginsFilter" classname="org.apache.calcite.test.RelMetadataTest" time="0.003"/>
  <testcase name="testRowCountEmp" classname="org.apache.calcite.test.RelMetadataTest" time="0.006"/>
  <testcase name="testRowCountJoinFinite" classname="org.apache.calcite.test.RelMetadataTest" time="0.008"/>
  <testcase name="testColumnOriginsConstant" classname="org.apache.calcite.test.RelMetadataTest" time="0.011"/>
  <testcase name="testGroupBy" classname="org.apache.calcite.test.RelMetadataTest" time="0.001"/>
  <testcase name="testSelectivityOrFilter" classname="org.apache.calcite.test.RelMetadataTest" time="0.001"/>
  <testcase name="testColumnOriginsValues" classname="org.apache.calcite.test.RelMetadataTest" time="0"/>
  <testcase name="testColumnOriginsJoinOuter" classname="org.apache.calcite.test.RelMetadataTest" time="0.003"/>
  <testcase name="testColumnOriginsJoinRight" classname="org.apache.calcite.test.RelMetadataTest" time="0.003"/>
  <testcase name="testRowCountFilter" classname="org.apache.calcite.test.RelMetadataTest" time="0.003"/>
  <testcase name="testPercentageOriginalRowsUnionBigFilter" classname="org.apache.calcite.test.RelMetadataTest" time="0">
    <skipped/>
  </testcase>
  <testcase name="testPredicates" classname="org.apache.calcite.test.RelMetadataTest" time="0.006"/>
  <testcase name="testRowCountSortHighLimit" classname="org.apache.calcite.test.RelMetadataTest" time="0.002"/>
  <testcase name="testPercentageOriginalRowsTwoFilters" classname="org.apache.calcite.test.RelMetadataTest" time="0">
    <skipped/>
  </testcase>
  <testcase name="testColumnOriginsUnion" classname="org.apache.calcite.test.RelMetadataTest" time="0.001"/>
  <testcase name="testRowCountValues" classname="org.apache.calcite.test.RelMetadataTest" time="0.001"/>
  <testcase name="testRowCountSortLimit" classname="org.apache.calcite.test.RelMetadataTest" time="0.001"/>
  <testcase name="testRowCountSortLimitOffset" classname="org.apache.calcite.test.RelMetadataTest" time="0.001"/>
  <testcase name="testPercentageOriginalRowsJoin" classname="org.apache.calcite.test.RelMetadataTest" time="0.001"/>
  <testcase name="testRowCountAggregate" classname="org.apache.calcite.test.RelMetadataTest" time="0.001"/>
  <testcase name="testRowCountCartesian" classname="org.apache.calcite.test.RelMetadataTest" time="0.007"/>
  <testcase name="testSelectivityIsNotNullFilterOnNotNullColumn" classname="org.apache.calcite.test.RelMetadataTest" time="0"/>
  <testcase name="testPercentageOriginalRowsOneFilter" classname="org.apache.calcite.test.RelMetadataTest" time="0">
    <skipped/>
  </testcase>
  <testcase name="testSelectivityUnion" classname="org.apache.calcite.test.RelMetadataTest" time="0.003"/>
  <testcase name="testColumnOriginsAggCountNullable" classname="org.apache.calcite.test.RelMetadataTest" time="0.003"/>
  <testcase name="testRowCountAggregateGroupingSets" classname="org.apache.calcite.test.RelMetadataTest" time="0.012"/>
  <testcase name="testPullUpPredicatesFromAggregation" classname="org.apache.calcite.test.RelMetadataTest" time="0.001"/>
  <testcase name="testRowCountJoinEmptyFinite" classname="org.apache.calcite.test.RelMetadataTest" time="0.005"/>
  <testcase name="testRowCountRightJoinEmptyFinite" classname="org.apache.calcite.test.RelMetadataTest" time="0.008"/>
  <testcase name="testPullUpPredicatesFromProject" classname="org.apache.calcite.test.RelMetadataTest" time="0.002"/>
  <testcase name="testJoinUniqueKeys" classname="org.apache.calcite.test.RelMetadataTest" time="0.069"/>
  <testcase name="testColumnOriginsExpression" classname="org.apache.calcite.test.RelMetadataTest" time="0.001"/>
  <testcase name="testSelectivityAggCached" classname="org.apache.calcite.test.RelMetadataTest" time="0.001"/>
  <testcase name="testColumnOriginsDyadicExpression" classname="org.apache.calcite.test.RelMetadataTest" time="0.002"/>
  <testcase name="testRowCountUnion" classname="org.apache.calcite.test.RelMetadataTest" time="0.002"/>
  <testcase name="testRowCountAggregateGroupingSetsOneEmpty" classname="org.apache.calcite.test.RelMetadataTest" time="0.004"/>
  <testcase name="testColumnOriginsAggReduced" classname="org.apache.calcite.test.RelMetadataTest" time="0.001"/>
  <testcase name="testPercentageOriginalRowsJoinTwoFilters" classname="org.apache.calcite.test.RelMetadataTest" time="0">
    <skipped/>
  </testcase>
  <testcase name="testRowCountSortLimit0" classname="org.apache.calcite.test.RelMetadataTest" time="0.001"/>
  <testcase name="testRowCountAggregateEmptyKey" classname="org.apache.calcite.test.RelMetadataTest" time="0.006"/>
  <testcase name="testAverageRowSize" classname="org.apache.calcite.test.RelMetadataTest" time="0.009"/>
  <testcase name="testRowCountIntersectOnFinite" classname="org.apache.calcite.test.RelMetadataTest" time="0.006"/>
  <testcase name="testPercentageOriginalRowsRedundantFilter" classname="org.apache.calcite.test.RelMetadataTest" time="0">
    <skipped/>
  </testcase>
  <testcase name="testRowCountSortHighOffset" classname="org.apache.calcite.test.RelMetadataTest" time="0.008"/>
  <testcase name="testDistinctRowCountTableEmptyKey" classname="org.apache.calcite.test.RelMetadataTest" time="0.001"/>
</testsuite>