<?xml version="1.0" encoding="UTF-8"?>
<testsuite name="org.apache.calcite.test.RelOptRulesTest" time="3.392" tests="160" errors="0" skipped="5" failures="0">
  <properties>
[...]
</properties>
  <testcase name="testReduceCastAndConsts" classname="org.apache.calcite.test.RelOptRulesTest" time="0.085"/>
  <testcase name="testEmptyFilterProjectUnion" classname="org.apache.calcite.test.RelOptRulesTest" time="0.053"/>
  <testcase name="testWindowInParenthesis" classname="org.apache.calcite.test.RelOptRulesTest" time="0.083"/>
  <testcase name="testPushSemiJoinPastJoinRuleRight" classname="org.apache.calcite.test.RelOptRulesTest" time="0.026"/>
  <testcase name="testPushCountNullableThroughUnion" classname="org.apache.calcite.test.RelOptRulesTest" time="0.038"/>
  <testcase name="testReduceValuesNull" classname="org.apache.calcite.test.RelOptRulesTest" time="0">
    <skipped/>
  </testcase>
  <testcase name="testPullConstantThroughAggregateAllConst" classname="org.apache.calcite.test.RelOptRulesTest" time="0.012"/>
  <testcase name="testReduceValuesUnderProjectFilter" classname="org.apache.calcite.test.RelOptRulesTest" time="0.015"/>
  <testcase name="testReduceValuesUnderProject" classname="org.apache.calcite.test.RelOptRulesTest" time="0.025"/>
  <testcase name="testReduceValuesUnderFilter" classname="org.apache.calcite.test.RelOptRulesTest" time="0.047"/>
  <testcase name="testReduceConstantsDup" classname="org.apache.calcite.test.RelOptRulesTest" time="0.015"/>
  <testcase name="testDistinctCountMixedJoin" classname="org.apache.calcite.test.RelOptRulesTest" time="0.023"/>
  <testcase name="testAggregateProjectMerge" classname="org.apache.calcite.test.RelOptRulesTest" time="0.031"/>
  <testcase name="testReduceConstantsNullEqualsOne" classname="org.apache.calcite.test.RelOptRulesTest" time="0.024"/>
  <testcase name="testRemoveSemiJoin" classname="org.apache.calcite.test.RelOptRulesTest" time="0.033"/>
  <testcase name="testDistinctCountMultiple" classname="org.apache.calcite.test.RelOptRulesTest" time="0.028"/>
  <testcase name="testConvertMultiJoinRule" classname="org.apache.calcite.test.RelOptRulesTest" time="0.052"/>
  <testcase name="testPullFilterThroughAggregateGroupingSets" classname="org.apache.calcite.test.RelOptRulesTest" time="0.015"/>
  <testcase name="testReduceConstantsRequiresExecutor" classname="org.apache.calcite.test.RelOptRulesTest" time="0.009"/>
  <testcase name="testTransitiveInferenceJoin3wayAgg" classname="org.apache.calcite.test.RelOptRulesTest" time="0.033"/>
  <testcase name="testReduceConstantsProjectNullable" classname="org.apache.calcite.test.RelOptRulesTest" time="0.045"/>
  <testcase name="testTransitiveInferencePreventProjectPullUp" classname="org.apache.calcite.test.RelOptRulesTest" time="0.015"/>
  <testcase name="testExpressionInWindowFunction" classname="org.apache.calcite.test.RelOptRulesTest" time="0.028"/>
  <testcase name="testTransitiveInferenceJoin3way" classname="org.apache.calcite.test.RelOptRulesTest" time="0.004"/>
  <testcase name="testPushCountStarThroughUnion" classname="org.apache.calcite.test.RelOptRulesTest" time="0.004"/>
  <testcase name="testRemoveSemiJoinRight" classname="org.apache.calcite.test.RelOptRulesTest" time="0.017"/>
  <testcase name="testPushAggregateFunctionsThroughJoin" classname="org.apache.calcite.test.RelOptRulesTest" time="0.04"/>
  <testcase name="testTransitiveInferenceProject" classname="org.apache.calcite.test.RelOptRulesTest" time="0.008"/>
  <testcase name="testPushAvgThroughUnion" classname="org.apache.calcite.test.RelOptRulesTest" time="0.002"/>
  <testcase name="testReduceConstantsCalc" classname="org.apache.calcite.test.RelOptRulesTest" time="0.15"/>
  <testcase name="testReduceConstantsDup2" classname="org.apache.calcite.test.RelOptRulesTest" time="0.013"/>
  <testcase name="testPushCountFilterThroughUnion" classname="org.apache.calcite.test.RelOptRulesTest" time="0.003"/>
  <testcase name="testPushSumCountStarGroupingSetsThroughUnion" classname="org.apache.calcite.test.RelOptRulesTest" time="0.013"/>
  <testcase name="testPushSemiJoinPastJoinRuleLeft" classname="org.apache.calcite.test.RelOptRulesTest" time="0.126"/>
  <testcase name="testExtractJoinFilterRule" classname="org.apache.calcite.test.RelOptRulesTest" time="0.008"/>
  <testcase name="testPushAggregateThroughJoinDistinct" classname="org.apache.calcite.test.RelOptRulesTest" time="0.133"/>
  <testcase name="testTransitiveInferenceFullOuterJoin" classname="org.apache.calcite.test.RelOptRulesTest" time="0.026"/>
  <testcase name="testPullConstantThroughAggregatePermutedConstGroupBy" classname="org.apache.calcite.test.RelOptRulesTest" time="0.012"/>
  <testcase name="testPushSumCountStarThroughUnion" classname="org.apache.calcite.test.RelOptRulesTest" time="0.005"/>
  <testcase name="testPushFilterWithRank" classname="org.apache.calcite.test.RelOptRulesTest" time="0.033"/>
  <testcase name="testPushSumNullableGroupingSetsThroughUnion" classname="org.apache.calcite.test.RelOptRulesTest" time="0.023"/>
  <testcase name="testMergeFilter" classname="org.apache.calcite.test.RelOptRulesTest" time="0.009"/>
  <testcase name="testDistinctCountGroupingSets1" classname="org.apache.calcite.test.RelOptRulesTest" time="0.008"/>
  <testcase name="testDistinctCountGroupingSets2" classname="org.apache.calcite.test.RelOptRulesTest" time="0.019"/>
  <testcase name="testPushProjectPastSetOp" classname="org.apache.calcite.test.RelOptRulesTest" time="0.02"/>
  <testcase name="testPushFilterPastAgg" classname="org.apache.calcite.test.RelOptRulesTest" time="0.025"/>
  <testcase name="testEmptyJoin" classname="org.apache.calcite.test.RelOptRulesTest" time="0.016"/>
  <testcase name="testEmptySort" classname="org.apache.calcite.test.RelOptRulesTest" time="0.007"/>
  <testcase name="testMergeFilterWithJoinCondition" classname="org.apache.calcite.test.RelOptRulesTest" time="0">
    <skipped message="cycles"/>
  </testcase>
  <testcase name="testTransitiveInferenceJoin" classname="org.apache.calcite.test.RelOptRulesTest" time="0.011"/>
  <testcase name="testPushCountNullableGroupingSetsThroughUnion" classname="org.apache.calcite.test.RelOptRulesTest" time="0.028"/>
  <testcase name="testFullOuterJoinSimplificationToRightOuter" classname="org.apache.calcite.test.RelOptRulesTest" time="0.021"/>
  <testcase name="testPushFilterPastAggTwo" classname="org.apache.calcite.test.RelOptRulesTest" time="0.024"/>
  <testcase name="testPushAggregateSumNoGroup" classname="org.apache.calcite.test.RelOptRulesTest" time="0.023"/>
  <testcase name="testSortUnionTranspose" classname="org.apache.calcite.test.RelOptRulesTest" time="0.023"/>
  <testcase name="testPushSemiJoinPastProject" classname="org.apache.calcite.test.RelOptRulesTest" time="0.027"/>
  <testcase name="testPushFilterWithRankExpr" classname="org.apache.calcite.test.RelOptRulesTest" time="0.011"/>
  <testcase name="testSortJoinTranspose1" classname="org.apache.calcite.test.RelOptRulesTest" time="0.02"/>
  <testcase name="testSortJoinTranspose2" classname="org.apache.calcite.test.RelOptRulesTest" time="0.024"/>
  <testcase name="testSortJoinTranspose3" classname="org.apache.calcite.test.RelOptRulesTest" time="0.023"/>
  <testcase name="testSortJoinTranspose4" classname="org.apache.calcite.test.RelOptRulesTest" time="0.038"/>
  <testcase name="testSemiJoinRule" classname="org.apache.calcite.test.RelOptRulesTest" time="0.03"/>
  <testcase name="testSemiJoinTrim" classname="org.apache.calcite.test.RelOptRulesTest" time="0.039"/>
  <testcase name="testTransitiveInferenceConstantEquiPredicate" classname="org.apache.calcite.test.RelOptRulesTest" time="0.007"/>
  <testcase name="testReduceValuesToEmpty" classname="org.apache.calcite.test.RelOptRulesTest" time="0.028"/>
  <testcase name="testPushProjectPastFilter" classname="org.apache.calcite.test.RelOptRulesTest" time="0.026"/>
  <testcase name="testAggregateGroupingSetsProjectMerge" classname="org.apache.calcite.test.RelOptRulesTest" time="0.008"/>
  <testcase name="testPushFilterThroughSemiJoin" classname="org.apache.calcite.test.RelOptRulesTest" time="0.015"/>
  <testcase name="testDistinctCountMultipleViaJoin" classname="org.apache.calcite.test.RelOptRulesTest" time="0.01"/>
  <testcase name="testPushMinThroughUnion" classname="org.apache.calcite.test.RelOptRulesTest" time="0.003"/>
  <testcase name="testPushSumConstantGroupingSetsThroughUnion" classname="org.apache.calcite.test.RelOptRulesTest" time="0.003"/>
  <testcase name="testPushFilterPastAggWithGroupingSets1" classname="org.apache.calcite.test.RelOptRulesTest" time="0.002"/>
  <testcase name="testPushFilterPastAggWithGroupingSets2" classname="org.apache.calcite.test.RelOptRulesTest" time="0.002"/>
  <testcase name="testTransitiveInferenceUnion3way" classname="org.apache.calcite.test.RelOptRulesTest" time="0.015"/>
  <testcase name="testPullConstantThroughConstLast" classname="org.apache.calcite.test.RelOptRulesTest" time="0.007"/>
  <testcase name="testEmptyJoinRight" classname="org.apache.calcite.test.RelOptRulesTest" time="0.008"/>
  <testcase name="testTransitiveInferenceLeftOuterJoin" classname="org.apache.calcite.test.RelOptRulesTest" time="0.002"/>
  <testcase name="testPushMaxNullableGroupingSetsThroughUnion" classname="org.apache.calcite.test.RelOptRulesTest" time="0.019"/>
  <testcase name="testReduceConstants2" classname="org.apache.calcite.test.RelOptRulesTest" time="0.023"/>
  <testcase name="testPushJoinThroughUnionOnRight" classname="org.apache.calcite.test.RelOptRulesTest" time="0.02"/>
  <testcase name="testFullOuterJoinSimplificationToInner" classname="org.apache.calcite.test.RelOptRulesTest" time="0.017"/>
  <testcase name="testPushAvgGroupingSetsThroughUnion" classname="org.apache.calcite.test.RelOptRulesTest" time="0.006"/>
  <testcase name="testReduceOrCaseWhen" classname="org.apache.calcite.test.RelOptRulesTest" time="0.025"/>
  <testcase name="testHeterogeneousConversion" classname="org.apache.calcite.test.RelOptRulesTest" time="0">
    <skipped message="cycles"/>
  </testcase>
  <testcase name="testReduceAverage" classname="org.apache.calcite.test.RelOptRulesTest" time="0.012"/>
  <testcase name="testReduceCasts" classname="org.apache.calcite.test.RelOptRulesTest" time="0.022"/>
  <testcase name="testLeftOuterJoinSimplificationToInner" classname="org.apache.calcite.test.RelOptRulesTest" time="0.017"/>
  <testcase name="testPushSumNullableNOGBYThroughUnion" classname="org.apache.calcite.test.RelOptRulesTest" time="0.002"/>
  <testcase name="testPushAggregateThroughJoin1" classname="org.apache.calcite.test.RelOptRulesTest" time="0.028"/>
  <testcase name="testPushAggregateThroughJoin2" classname="org.apache.calcite.test.RelOptRulesTest" time="0.031"/>
  <testcase name="testPushAggregateThroughJoin3" classname="org.apache.calcite.test.RelOptRulesTest" time="0.034"/>
  <testcase name="testPushFilterPastProject" classname="org.apache.calcite.test.RelOptRulesTest" time="0.017"/>
  <testcase name="testReduceConstants" classname="org.apache.calcite.test.RelOptRulesTest" time="0.029"/>
  <testcase name="testPushSumNullConstantThroughUnion" classname="org.apache.calcite.test.RelOptRulesTest" time="0.009"/>
  <testcase name="testMergeJoinFilter" classname="org.apache.calcite.test.RelOptRulesTest" time="0.008"/>
  <testcase name="testStrengthenJoinType" classname="org.apache.calcite.test.RelOptRulesTest" time="0.026"/>
  <testcase name="testPushAggregateSumThroughJoin" classname="org.apache.calcite.test.RelOptRulesTest" time="0.025"/>
  <testcase name="testReduceConstantsCaseEquals" classname="org.apache.calcite.test.RelOptRulesTest" time="0.02"/>
  <testcase name="testTransitiveInferenceNoPullUpExprs" classname="org.apache.calcite.test.RelOptRulesTest" time="0.002"/>
  <testcase name="testTransitiveInferenceConjunctInPullUp" classname="org.apache.calcite.test.RelOptRulesTest" time="0.002"/>
  <testcase name="testPullConstantThroughAggregateSimpleNonNullable" classname="org.apache.calcite.test.RelOptRulesTest" time="0.007"/>
  <testcase name="testUnionToDistinctRule" classname="org.apache.calcite.test.RelOptRulesTest" time="0.017"/>
  <testcase name="testPushSemiJoinPastFilter" classname="org.apache.calcite.test.RelOptRulesTest" time="0.014"/>
  <testcase name="testPullAggregateThroughUnion" classname="org.apache.calcite.test.RelOptRulesTest" time="0.014"/>
  <testcase name="testPullConstantIntoFilter" classname="org.apache.calcite.test.RelOptRulesTest" time="0.01"/>
  <testcase name="testPushSumNullableThroughUnion" classname="org.apache.calcite.test.RelOptRulesTest" time="0.02"/>
  <testcase name="testConvertMultiJoinRuleOuterJoins2" classname="org.apache.calcite.test.RelOptRulesTest" time="0.031"/>
  <testcase name="testConvertMultiJoinRuleOuterJoins3" classname="org.apache.calcite.test.RelOptRulesTest" time="0.024"/>
  <testcase name="testConvertMultiJoinRuleOuterJoins4" classname="org.apache.calcite.test.RelOptRulesTest" time="0.007"/>
  <testcase name="testProjectToWindowRuleForMultipleWindows" classname="org.apache.calcite.test.RelOptRulesTest" time="0.029"/>
  <testcase name="testTransitiveInferencePullUpThruAlias" classname="org.apache.calcite.test.RelOptRulesTest" time="0.007"/>
  <testcase name="testProjectWindowTransposeRule" classname="org.apache.calcite.test.RelOptRulesTest" time="0.007"/>
  <testcase name="testTransitiveInferenceAggregate" classname="org.apache.calcite.test.RelOptRulesTest" time="0.009"/>
  <testcase name="testEmptySortLimitZero" classname="org.apache.calcite.test.RelOptRulesTest" time="0.024"/>
  <testcase name="testDistinctCount1" classname="org.apache.calcite.test.RelOptRulesTest" time="0.015"/>
  <testcase name="testDistinctCount2" classname="org.apache.calcite.test.RelOptRulesTest" time="0.023"/>
  <testcase name="testPushCountStarGroupingSetsThroughUnion" classname="org.apache.calcite.test.RelOptRulesTest" time="0.008"/>
  <testcase name="testProjectWindowTransposeRuleWithConstants" classname="org.apache.calcite.test.RelOptRulesTest" time="0.024"/>
  <testcase name="testJoinProjectTranspose" classname="org.apache.calcite.test.RelOptRulesTest" time="0.026"/>
  <testcase name="testPushMinGroupingSetsThroughUnion" classname="org.apache.calcite.test.RelOptRulesTest" time="0.003"/>
  <testcase name="testPullConstantThroughAggregateConstGroupBy" classname="org.apache.calcite.test.RelOptRulesTest" time="0.02"/>
  <testcase name="testPushProjectPastJoin" classname="org.apache.calcite.test.RelOptRulesTest" time="0.037"/>
  <testcase name="testPullConstantThroughAggregatePermuted" classname="org.apache.calcite.test.RelOptRulesTest" time="0.002"/>
  <testcase name="testPullConstantIntoProject" classname="org.apache.calcite.test.RelOptRulesTest" time="0.019"/>
  <testcase name="testTransitiveInferenceUnionAlwaysTrue" classname="org.apache.calcite.test.RelOptRulesTest" time="0.003"/>
  <testcase name="testPushSumConstantThroughUnion" classname="org.apache.calcite.test.RelOptRulesTest" time="0.002"/>
  <testcase name="testAddRedundantSemiJoinRule" classname="org.apache.calcite.test.RelOptRulesTest" time="0.025"/>
  <testcase name="testRemoveSemiJoinWithFilter" classname="org.apache.calcite.test.RelOptRulesTest" time="0.011"/>
  <testcase name="testTransitiveInferenceUnion3wayOr" classname="org.apache.calcite.test.RelOptRulesTest" time="0">
    <skipped message="not working"/>
  </testcase>
  <testcase name="testRightOuterJoinSimplificationToInner" classname="org.apache.calcite.test.RelOptRulesTest" time="0.005"/>
  <testcase name="testReduceCastsNullable" classname="org.apache.calcite.test.RelOptRulesTest" time="0">
    <skipped/>
  </testcase>
  <testcase name="testDistinctCountMixed" classname="org.apache.calcite.test.RelOptRulesTest" time="0.02"/>
  <testcase name="testPushJoinCondDownToProject" classname="org.apache.calcite.test.RelOptRulesTest" time="0.047"/>
  <testcase name="testRemoveSemiJoinRightWithFilter" classname="org.apache.calcite.test.RelOptRulesTest" time="0.023"/>
  <testcase name="testFullOuterJoinSimplificationToLeftOuter" classname="org.apache.calcite.test.RelOptRulesTest" time="0.025"/>
  <testcase name="testPullConstantThroughAggregatePermutedConstFirst" classname="org.apache.calcite.test.RelOptRulesTest" time="0.002"/>
  <testcase name="testConvertMultiJoinRuleOuterJoins" classname="org.apache.calcite.test.RelOptRulesTest" time="0.059"/>
  <testcase name="testTransitiveInferenceUnion" classname="org.apache.calcite.test.RelOptRulesTest" time="0.018"/>
  <testcase name="testPullConstantIntoJoin" classname="org.apache.calcite.test.RelOptRulesTest" time="0.004"/>
  <testcase name="testReduceConstantsCaseEquals2" classname="org.apache.calcite.test.RelOptRulesTest" time="0.023"/>
  <testcase name="testReduceConstantsCaseEquals3" classname="org.apache.calcite.test.RelOptRulesTest" time="0.036"/>
  <testcase name="testPullConstantThroughAggregateAllLiterals" classname="org.apache.calcite.test.RelOptRulesTest" time="0.001"/>
  <testcase name="testSwapOuterJoin" classname="org.apache.calcite.test.RelOptRulesTest" time="0.033"/>
  <testcase name="testPushJoinThroughUnionOnLeft" classname="org.apache.calcite.test.RelOptRulesTest" time="0.027"/>
  <testcase name="testPushFilterPastAggThree" classname="org.apache.calcite.test.RelOptRulesTest" time="0.023"/>
  <testcase name="testReduceConstantsEliminatesFilter" classname="org.apache.calcite.test.RelOptRulesTest" time="0.038"/>
  <testcase name="testSemiJoinReduceConstants" classname="org.apache.calcite.test.RelOptRulesTest" time="0.019"/>
  <testcase name="testDistinctCountMultipleNoGroup" classname="org.apache.calcite.test.RelOptRulesTest" time="0.03"/>
  <testcase name="testPullFilterThroughAggregate" classname="org.apache.calcite.test.RelOptRulesTest" time="0.038"/>
  <testcase name="testPullConstantIntoJoin2" classname="org.apache.calcite.test.RelOptRulesTest" time="0.055"/>
  <testcase name="testEmptyJoinLeft" classname="org.apache.calcite.test.RelOptRulesTest" time="0.006"/>
  <testcase name="testReduceNestedCaseWhen" classname="org.apache.calcite.test.RelOptRulesTest" time="0.026"/>
  <testcase name="testTransitiveInferenceRightOuterJoin" classname="org.apache.calcite.test.RelOptRulesTest" time="0.002"/>
  <testcase name="testDistinctCountMixed2" classname="org.apache.calcite.test.RelOptRulesTest" time="0.007"/>
  <testcase name="testPushSumNullConstantGroupingSetsThroughUnion" classname="org.apache.calcite.test.RelOptRulesTest" time="0.013"/>
  <testcase name="testSortUnionTranspose2" classname="org.apache.calcite.test.RelOptRulesTest" time="0.007"/>
  <testcase name="testSortUnionTranspose3" classname="org.apache.calcite.test.RelOptRulesTest" time="0.005"/>
  <testcase name="testTransitiveInferenceComplexPredicate" classname="org.apache.calcite.test.RelOptRulesTest" time="0.006"/>
  <testcase name="testAlreadyFalseEliminatesFilter" classname="org.apache.calcite.test.RelOptRulesTest" time="0.023"/>
  <testcase name="testPushMaxNullableThroughUnion" classname="org.apache.calcite.test.RelOptRulesTest" time="0.002"/>
</testsuite>